2014-02-17 00:04:25.887 HelloCordova[23599:80b] Multi-tasking -> Device: YES, App: YES
2014-02-17 00:04:25.919 HelloCordova[23599:80b] Unlimited access to network resources
2014-02-17 00:04:26.296 HelloCordova[23599:80b] Resetting plugins due to page load.
2014-02-17 00:04:27.802 HelloCordova[23599:80b] Finished load of: file:///Users/nederhrj/Library/Application%20Support/iPhone%20Simulator/7.0.3/Applications/9F94DC8A-620D-41B9-81C9-16AAF04076ED/HelloCordova.app/www/index.html
2014-02-17 00:06:14.555 HelloCordova[23970:80b] Multi-tasking -> Device: YES, App: YES
2014-02-17 00:06:14.562 HelloCordova[23970:80b] Unlimited access to network resources
2014-02-17 00:06:14.639 HelloCordova[23970:80b] Resetting plugins due to page load.
2014-02-17 00:06:15.052 HelloCordova[23970:80b] Finished load of: file:///Users/nederhrj/Library/Application%20Support/iPhone%20Simulator/7.0.3/Applications/9F94DC8A-620D-41B9-81C9-16AAF04076ED/HelloCordova.app/www/index.html
2014-02-17 00:08:03.812 HelloCordova[24341:80b] Multi-tasking -> Device: YES, App: YES
2014-02-17 00:08:03.819 HelloCordova[24341:80b] Unlimited access to network resources
2014-02-17 00:08:03.899 HelloCordova[24341:80b] Resetting plugins due to page load.
2014-02-17 00:08:05.392 HelloCordova[24341:80b] Finished load of: file:///Users/nederhrj/Library/Application%20Support/iPhone%20Simulator/7.0.3/Applications/9F94DC8A-620D-41B9-81C9-16AAF04076ED/HelloCordova.app/www/index.html
2014-02-17 09:32:47.663 HelloCordova[24887:80b] Multi-tasking -> Device: YES, App: YES
2014-02-17 09:32:47.671 HelloCordova[24887:80b] Unlimited access to network resources
2014-02-17 09:32:47.757 HelloCordova[24887:80b] Resetting plugins due to page load.
2014-02-17 09:32:48.010 HelloCordova[24887:80b] Finished load of: file:///Users/nederhrj/Library/Application%20Support/iPhone%20Simulator/7.0.3/Applications/9F94DC8A-620D-41B9-81C9-16AAF04076ED/HelloCordova.app/www/index.html
2014-02-17 09:33:33.211 HelloCordova[25255:80b] Multi-tasking -> Device: YES, App: YES
2014-02-17 09:33:33.218 HelloCordova[25255:80b] Unlimited access to network resources
2014-02-17 09:33:33.313 HelloCordova[25255:80b] Resetting plugins due to page load.
2014-02-17 09:33:33.557 HelloCordova[25255:80b] Finished load of: file:///Users/nederhrj/Library/Application%20Support/iPhone%20Simulator/7.0.3/Applications/9F94DC8A-620D-41B9-81C9-16AAF04076ED/HelloCordova.app/www/index.html
2014-02-17 10:28:16.446 HelloCordova[25864:80b] Multi-tasking -> Device: YES, App: YES
2014-02-17 10:28:16.451 HelloCordova[25864:80b] Unlimited access to network resources
2014-02-17 10:28:16.513 HelloCordova[25864:80b] Resetting plugins due to page load.
2014-02-17 10:28:16.906 HelloCordova[25864:80b] Finished load of: file:///Users/nederhrj/Library/Application%20Support/iPhone%20Simulator/7.0.3/Applications/9F94DC8A-620D-41B9-81C9-16AAF04076ED/HelloCordova.app/www/index.html
2014-02-17 10:30:11.316 HelloCordova[26237:80b] Multi-tasking -> Device: YES, App: YES
2014-02-17 10:30:11.323 HelloCordova[26237:80b] Unlimited access to network resources
2014-02-17 10:30:11.407 HelloCordova[26237:80b] Resetting plugins due to page load.
2014-02-17 10:30:16.281 HelloCordova[26237:80b] Finished load of: file:///Users/nederhrj/Library/Application%20Support/iPhone%20Simulator/7.0.3/Applications/9F94DC8A-620D-41B9-81C9-16AAF04076ED/HelloCordova.app/www/index.html
2014-02-17 10:36:23.993 HelloCordova[26638:80b] Multi-tasking -> Device: YES, App: YES
2014-02-17 10:36:24.001 HelloCordova[26638:80b] Unlimited access to network resources
2014-02-17 10:36:24.099 HelloCordova[26638:80b] Resetting plugins due to page load.
2014-02-17 10:36:24.325 HelloCordova[26638:80b] Finished load of: file:///Users/nederhrj/Library/Application%20Support/iPhone%20Simulator/7.0.3/Applications/9F94DC8A-620D-41B9-81C9-16AAF04076ED/HelloCordova.app/www/index.html
2014-02-17 10:37:08.043 HelloCordova[27004:80b] Multi-tasking -> Device: YES, App: YES
2014-02-17 10:37:08.050 HelloCordova[27004:80b] Unlimited access to network resources
2014-02-17 10:37:08.147 HelloCordova[27004:80b] Resetting plugins due to page load.
2014-02-17 10:37:08.324 HelloCordova[27004:80b] Finished load of: file:///Users/nederhrj/Library/Application%20Support/iPhone%20Simulator/7.0.3/Applications/9F94DC8A-620D-41B9-81C9-16AAF04076ED/HelloCordova.app/www/index.html
2014-02-17 10:38:08.309 HelloCordova[27368:80b] Multi-tasking -> Device: YES, App: YES
2014-02-17 10:38:08.315 HelloCordova[27368:80b] Unlimited access to network resources
2014-02-17 10:38:08.382 HelloCordova[27368:80b] Resetting plugins due to page load.
2014-02-17 10:38:08.588 HelloCordova[27368:80b] Finished load of: file:///Users/nederhrj/Library/Application%20Support/iPhone%20Simulator/7.0.3/Applications/9F94DC8A-620D-41B9-81C9-16AAF04076ED/HelloCordova.app/www/index.html
2014-02-17 10:38:44.470 HelloCordova[27733:80b] Multi-tasking -> Device: YES, App: YES
2014-02-17 10:38:44.477 HelloCordova[27733:80b] Unlimited access to network resources
2014-02-17 10:38:44.557 HelloCordova[27733:80b] Resetting plugins due to page load.
2014-02-17 10:38:56.201 HelloCordova[27733:80b] Finished load of: file:///Users/nederhrj/Library/Application%20Support/iPhone%20Simulator/7.0.3/Applications/9F94DC8A-620D-41B9-81C9-16AAF04076ED/HelloCordova.app/www/index.html
2014-02-17 10:40:18.012 HelloCordova[28102:80b] Multi-tasking -> Device: YES, App: YES
2014-02-17 10:40:18.020 HelloCordova[28102:80b] Unlimited access to network resources
2014-02-17 10:40:18.110 HelloCordova[28102:80b] Resetting plugins due to page load.
2014-02-17 10:40:18.306 HelloCordova[28102:80b] Finished load of: file:///Users/nederhrj/Library/Application%20Support/iPhone%20Simulator/7.0.3/Applications/9F94DC8A-620D-41B9-81C9-16AAF04076ED/HelloCordova.app/www/index.html
2014-02-17 10:40:48.377 HelloCordova[28467:80b] Multi-tasking -> Device: YES, App: YES
2014-02-17 10:40:48.383 HelloCordova[28467:80b] Unlimited access to network resources
2014-02-17 10:40:48.479 HelloCordova[28467:80b] Resetting plugins due to page load.
2014-02-17 10:40:48.710 HelloCordova[28467:80b] Finished load of: file:///Users/nederhrj/Library/Application%20Support/iPhone%20Simulator/7.0.3/Applications/9F94DC8A-620D-41B9-81C9-16AAF04076ED/HelloCordova.app/www/index.html
2014-02-17 10:41:34.491 HelloCordova[28831:80b] Multi-tasking -> Device: YES, App: YES
2014-02-17 10:41:34.498 HelloCordova[28831:80b] Unlimited access to network resources
2014-02-17 10:41:34.605 HelloCordova[28831:80b] Resetting plugins due to page load.
2014-02-17 10:41:34.810 HelloCordova[28831:80b] Finished load of: file:///Users/nederhrj/Library/Application%20Support/iPhone%20Simulator/7.0.3/Applications/9F94DC8A-620D-41B9-81C9-16AAF04076ED/HelloCordova.app/www/index.html
2014-02-17 10:42:14.417 HelloCordova[29193:80b] Multi-tasking -> Device: YES, App: YES
2014-02-17 10:42:14.425 HelloCordova[29193:80b] Unlimited access to network resources
2014-02-17 10:42:14.496 HelloCordova[29193:80b] Resetting plugins due to page load.
2014-02-17 10:42:14.725 HelloCordova[29193:80b] Finished load of: file:///Users/nederhrj/Library/Application%20Support/iPhone%20Simulator/7.0.3/Applications/9F94DC8A-620D-41B9-81C9-16AAF04076ED/HelloCordova.app/www/index.html
2014-02-17 10:43:29.344 HelloCordova[29565:80b] Multi-tasking -> Device: YES, App: YES
2014-02-17 10:43:29.349 HelloCordova[29565:80b] Unlimited access to network resources
2014-02-17 10:43:29.442 HelloCordova[29565:80b] Resetting plugins due to page load.
2014-02-17 10:43:29.664 HelloCordova[29565:80b] Finished load of: file:///Users/nederhrj/Library/Application%20Support/iPhone%20Simulator/7.0.3/Applications/9F94DC8A-620D-41B9-81C9-16AAF04076ED/HelloCordova.app/www/index.html
2014-02-17 11:15:53.002 HelloCordova[30863:80b] Multi-tasking -> Device: YES, App: YES
2014-02-17 11:15:53.009 HelloCordova[30863:80b] Unlimited access to network resources
2014-02-17 11:15:53.102 HelloCordova[30863:80b] Resetting plugins due to page load.
2014-02-17 11:15:53.454 HelloCordova[30863:80b] Finished load of: file:///Users/nederhrj/Library/Application%20Support/iPhone%20Simulator/7.0.3/Applications/9F94DC8A-620D-41B9-81C9-16AAF04076ED/HelloCordova.app/www/index.html
2014-02-17 11:16:49.196 HelloCordova[31257:80b] Multi-tasking -> Device: YES, App: YES
2014-02-17 11:16:49.205 HelloCordova[31257:80b] Unlimited access to network resources
2014-02-17 11:16:49.276 HelloCordova[31257:80b] Resetting plugins due to page load.
2014-02-17 11:16:49.473 HelloCordova[31257:80b] Finished load of: file:///Users/nederhrj/Library/Application%20Support/iPhone%20Simulator/7.0.3/Applications/9F94DC8A-620D-41B9-81C9-16AAF04076ED/HelloCordova.app/www/index.html
2014-02-17 11:19:15.895 HelloCordova[31709:80b] Multi-tasking -> Device: YES, App: YES
2014-02-17 11:19:15.901 HelloCordova[31709:80b] Unlimited access to network resources
2014-02-17 11:19:15.972 HelloCordova[31709:80b] Resetting plugins due to page load.
2014-02-17 11:19:16.160 HelloCordova[31709:80b] Finished load of: file:///Users/nederhrj/Library/Application%20Support/iPhone%20Simulator/7.0.3/Applications/9F94DC8A-620D-41B9-81C9-16AAF04076ED/HelloCordova.app/www/index.html
2014-02-17 11:20:29.089 HelloCordova[32117:80b] Multi-tasking -> Device: YES, App: YES
2014-02-17 11:20:29.094 HelloCordova[32117:80b] Unlimited access to network resources
2014-02-17 11:20:29.184 HelloCordova[32117:80b] Resetting plugins due to page load.
2014-02-17 11:20:29.424 HelloCordova[32117:80b] Finished load of: file:///Users/nederhrj/Library/Application%20Support/iPhone%20Simulator/7.0.3/Applications/9F94DC8A-620D-41B9-81C9-16AAF04076ED/HelloCordova.app/www/index.html
2014-02-17 11:24:28.749 HelloCordova[32660:80b] Multi-tasking -> Device: YES, App: YES
2014-02-17 11:24:28.755 HelloCordova[32660:80b] Unlimited access to network resources
2014-02-17 11:24:28.840 HelloCordova[32660:80b] Resetting plugins due to page load.
2014-02-17 11:24:29.046 HelloCordova[32660:80b] Finished load of: file:///Users/nederhrj/Library/Application%20Support/iPhone%20Simulator/7.0.3/Applications/9F94DC8A-620D-41B9-81C9-16AAF04076ED/HelloCordova.app/www/index.html
2014-02-17 11:27:59.154 HelloCordova[33229:80b] Multi-tasking -> Device: YES, App: YES
2014-02-17 11:27:59.163 HelloCordova[33229:80b] Unlimited access to network resources
2014-02-17 11:27:59.246 HelloCordova[33229:80b] Resetting plugins due to page load.
2014-02-17 11:27:59.561 HelloCordova[33229:80b] Finished load of: file:///Users/nederhrj/Library/Application%20Support/iPhone%20Simulator/7.0.3/Applications/9F94DC8A-620D-41B9-81C9-16AAF04076ED/HelloCordova.app/www/index.html
2014-02-17 11:44:02.354 HelloCordova[34214:80b] Multi-tasking -> Device: YES, App: YES
2014-02-17 11:44:02.362 HelloCordova[34214:80b] Unlimited access to network resources
2014-02-17 11:44:02.450 HelloCordova[34214:80b] Resetting plugins due to page load.
2014-02-17 11:44:02.617 HelloCordova[34214:80b] Finished load of: file:///Users/nederhrj/Library/Application%20Support/iPhone%20Simulator/7.0.3/Applications/9F94DC8A-620D-41B9-81C9-16AAF04076ED/HelloCordova.app/www/index.html
2014-02-17 11:45:29.956 HelloCordova[34709:80b] Multi-tasking -> Device: YES, App: YES
2014-02-17 11:45:29.963 HelloCordova[34709:80b] Unlimited access to network resources
2014-02-17 11:45:30.038 HelloCordova[34709:80b] Resetting plugins due to page load.
2014-02-17 11:45:30.193 HelloCordova[34709:80b] Finished load of: file:///Users/nederhrj/Library/Application%20Support/iPhone%20Simulator/7.0.3/Applications/9F94DC8A-620D-41B9-81C9-16AAF04076ED/HelloCordova.app/www/index.html
2014-02-17 11:46:30.057 HelloCordova[35219:80b] Multi-tasking -> Device: YES, App: YES
2014-02-17 11:46:30.062 HelloCordova[35219:80b] Unlimited access to network resources
2014-02-17 11:46:30.178 HelloCordova[35219:80b] Resetting plugins due to page load.
2014-02-17 11:46:30.342 HelloCordova[35219:80b] Finished load of: file:///Users/nederhrj/Library/Application%20Support/iPhone%20Simulator/7.0.3-64/Applications/291CCB22-86BE-4A45-908C-1601DE41CA8C/HelloCordova.app/www/index.html
2014-02-18 11:48:51.642 HelloCordova[56339:80b] Multi-tasking -> Device: YES, App: YES
2014-02-18 11:48:51.666 HelloCordova[56339:80b] Unlimited access to network resources
2014-02-18 11:48:52.604 HelloCordova[56339:80b] Resetting plugins due to page load.
2014-02-18 11:48:52.842 HelloCordova[56339:80b] Finished load of: file:///Users/nederhrj/Library/Application%20Support/iPhone%20Simulator/7.0.3/Applications/9F94DC8A-620D-41B9-81C9-16AAF04076ED/HelloCordova.app/www/index.html
2014-02-18 11:49:51.423 HelloCordova[56818:80b] Multi-tasking -> Device: YES, App: YES
2014-02-18 11:49:51.431 HelloCordova[56818:80b] Unlimited access to network resources
2014-02-18 11:49:51.523 HelloCordova[56818:80b] Resetting plugins due to page load.
2014-02-18 11:49:52.218 HelloCordova[56818:80b] Finished load of: file:///Users/nederhrj/Library/Application%20Support/iPhone%20Simulator/7.0.3/Applications/9F94DC8A-620D-41B9-81C9-16AAF04076ED/HelloCordova.app/www/index.html
2014-02-18 11:50:29.127 HelloCordova[57284:80b] Multi-tasking -> Device: YES, App: YES
2014-02-18 11:50:29.132 HelloCordova[57284:80b] Unlimited access to network resources
2014-02-18 11:50:29.227 HelloCordova[57284:80b] Resetting plugins due to page load.
2014-02-18 11:50:30.387 HelloCordova[57284:80b] Finished load of: file:///Users/nederhrj/Library/Application%20Support/iPhone%20Simulator/7.0.3/Applications/9F94DC8A-620D-41B9-81C9-16AAF04076ED/HelloCordova.app/www/index.html
2014-02-18 11:53:24.337 HelloCordova[57832:80b] Multi-tasking -> Device: YES, App: YES
2014-02-18 11:53:24.344 HelloCordova[57832:80b] Unlimited access to network resources
2014-02-18 11:53:24.435 HelloCordova[57832:80b] Resetting plugins due to page load.
2014-02-18 11:53:24.931 HelloCordova[57832:80b] Finished load of: file:///Users/nederhrj/Library/Application%20Support/iPhone%20Simulator/7.0.3/Applications/9F94DC8A-620D-41B9-81C9-16AAF04076ED/HelloCordova.app/www/index.html
2014-02-19 11:39:46.455 HelloCordova[76340:80b] Multi-tasking -> Device: YES, App: YES
2014-02-19 11:39:46.487 HelloCordova[76340:80b] Unlimited access to network resources
2014-02-19 11:39:46.989 HelloCordova[76340:80b] Resetting plugins due to page load.
2014-02-19 11:39:49.265 HelloCordova[76340:80b] Finished load of: file:///Users/nederhrj/Library/Application%20Support/iPhone%20Simulator/7.0.3/Applications/9F94DC8A-620D-41B9-81C9-16AAF04076ED/HelloCordova.app/www/index.html
